<?xml version="1.0" encoding="UTF-8"?>
<!-- Generated by org.testng.reporters.JUnitReportReporter -->
<testsuite skipped="0" hostname="Cognits-1" name="Test_Frenzy_Dashboard.Premios_al_Instante" tests="8" failures="0" timestamp="05 oct 2017 17:07:21 GMT" time="35.294" errors="0">
  <testcase name="OpenBrowser" time="4.025" classname="Test_Frenzy_Dashboard.Premios_al_Instante"/>
  <testcase name="Test_SignUp" time="15.243" classname="Test_Frenzy_Dashboard.Premios_al_Instante"/>
  <testcase name="Login_Test" time="1.175" classname="Test_Frenzy_Dashboard.Premios_al_Instante"/>
  <testcase name="f" time="0.911" classname="Test_Frenzy_Dashboard.Premios_al_Instante"/>
  <testcase name="Test_Promocion" time="5.769" classname="Test_Frenzy_Dashboard.Premios_al_Instante"/>
  <testcase name="NuevaPromocion_Test" time="4.762" classname="Test_Frenzy_Dashboard.Premios_al_Instante"/>
  <testcase name="TarjetaLealtad_Test" time="2.038" classname="Test_Frenzy_Dashboard.Premios_al_Instante"/>
  <testcase name="PremiosAlInstante_Test" time="1.371" classname="Test_Frenzy_Dashboard.Premios_al_Instante"/>
</testsuite> <!-- Test_Frenzy_Dashboard.Premios_al_Instante -->
