<?xml version="1.0" encoding="UTF-8"?>
<!-- Generated by org.testng.reporters.JUnitReportReporter -->
<testsuite skipped="0" hostname="Cognits-1" name="Test_Frenzy_Dashboard.SignUp" tests="2" failures="0" timestamp="04 oct 2017 22:18:32 GMT" time="15.772" errors="0">
  <testcase name="OpenBrowser" time="3.774" classname="Test_Frenzy_Dashboard.SignUp"/>
  <testcase name="Test_SignUp" time="11.998" classname="Test_Frenzy_Dashboard.SignUp"/>
</testsuite> <!-- Test_Frenzy_Dashboard.SignUp -->
