<?xml version="1.0" encoding="UTF-8"?>
<!-- Generated by org.testng.reporters.JUnitReportReporter -->
<testsuite skipped="0" hostname="Cognits-1" name="Test_Frenzy_Dashboard.Nuevo_Cupon" tests="6" failures="0" timestamp="05 oct 2017 16:36:54 GMT" time="26.990" errors="0">
  <testcase name="OpenBrowser" time="3.772" classname="Test_Frenzy_Dashboard.Nuevo_Cupon"/>
  <testcase name="Test_SignUp" time="10.049" classname="Test_Frenzy_Dashboard.Nuevo_Cupon"/>
  <testcase name="Login_Test" time="1.036" classname="Test_Frenzy_Dashboard.Nuevo_Cupon"/>
  <testcase name="f" time="0.834" classname="Test_Frenzy_Dashboard.Nuevo_Cupon"/>
  <testcase name="Test_Promocion" time="6.508" classname="Test_Frenzy_Dashboard.Nuevo_Cupon"/>
  <testcase name="NuevaPromocion_Test" time="4.791" classname="Test_Frenzy_Dashboard.Nuevo_Cupon"/>
</testsuite> <!-- Test_Frenzy_Dashboard.Nuevo_Cupon -->
