<?xml version="1.0" encoding="UTF-8"?>
<!-- Generated by org.testng.reporters.JUnitReportReporter -->
<testsuite skipped="0" hostname="Cognits-1" name="Test_Frenzy_Dashboard.Tarjeta_de_Lealtad" tests="7" failures="0" timestamp="05 oct 2017 16:49:49 GMT" time="30.608" errors="0">
  <testcase name="OpenBrowser" time="3.855" classname="Test_Frenzy_Dashboard.Tarjeta_de_Lealtad"/>
  <testcase name="Test_SignUp" time="11.882" classname="Test_Frenzy_Dashboard.Tarjeta_de_Lealtad"/>
  <testcase name="Login_Test" time="0.931" classname="Test_Frenzy_Dashboard.Tarjeta_de_Lealtad"/>
  <testcase name="f" time="0.872" classname="Test_Frenzy_Dashboard.Tarjeta_de_Lealtad"/>
  <testcase name="Test_Promocion" time="6.478" classname="Test_Frenzy_Dashboard.Tarjeta_de_Lealtad"/>
  <testcase name="NuevaPromocion_Test" time="4.671" classname="Test_Frenzy_Dashboard.Tarjeta_de_Lealtad"/>
  <testcase name="TarjetaLealtad_Test" time="1.919" classname="Test_Frenzy_Dashboard.Tarjeta_de_Lealtad"/>
</testsuite> <!-- Test_Frenzy_Dashboard.Tarjeta_de_Lealtad -->
