<?xml version="1.0" encoding="UTF-8"?>
<!-- Generated by org.testng.reporters.JUnitReportReporter -->
<testsuite skipped="0" hostname="Cognits-1" name="Test_Frenzy_Dashboard.Nueva_Promocion" tests="5" failures="0" timestamp="04 oct 2017 22:34:11 GMT" time="23.167" errors="0">
  <testcase name="OpenBrowser" time="3.717" classname="Test_Frenzy_Dashboard.Nueva_Promocion"/>
  <testcase name="Test_SignUp" time="11.422" classname="Test_Frenzy_Dashboard.Nueva_Promocion"/>
  <testcase name="Login_Test" time="0.435" classname="Test_Frenzy_Dashboard.Nueva_Promocion"/>
  <testcase name="f" time="1.288" classname="Test_Frenzy_Dashboard.Nueva_Promocion"/>
  <testcase name="Test_Promocion" time="6.305" classname="Test_Frenzy_Dashboard.Nueva_Promocion"/>
</testsuite> <!-- Test_Frenzy_Dashboard.Nueva_Promocion -->
